android/app/seeds.txt
com.ferdidrgn.saglamspot.R$color
com.ferdidrgn.saglamspot.R$drawable
com.ferdidrgn.saglamspot.MainActivity
com.ferdidrgn.saglamspot.R$style
com.ferdidrgn.saglamspot.R$string
com.ferdidrgn.saglamspot.R
com.ferdidrgn.saglamspot.BuildConfig
com.ferdidrgn.saglamspot.R$mipmap
com.ferdidrgn.saglamspot.R$array
com.ferdidrgn.saglamspot.R$array: int com_google_firebase_crashlytics_build_ids_build_id
com.ferdidrgn.saglamspot.R$drawable: int android12splash
com.ferdidrgn.saglamspot.BuildConfig: boolean DEBUG
com.ferdidrgn.saglamspot.R$style: int LaunchTheme
com.ferdidrgn.saglamspot.R$string: int gcm_defaultSenderId
com.ferdidrgn.saglamspot.R$string: int google_storage_bucket
com.ferdidrgn.saglamspot.R$string: int project_id
com.ferdidrgn.saglamspot.BuildConfig: java.lang.String BUILD_TYPE
com.ferdidrgn.saglamspot.R$string: int google_crash_reporting_api_key
com.ferdidrgn.saglamspot.R$mipmap: int ic_launcher_foreground
com.ferdidrgn.saglamspot.R$drawable: int splash
com.ferdidrgn.saglamspot.R$mipmap: int ic_launcher
com.ferdidrgn.saglamspot.BuildConfig: java.lang.String APPLICATION_ID
com.ferdidrgn.saglamspot.R$string: int com_google_firebase_crashlytics_mapping_file_id
com.ferdidrgn.saglamspot.R$style: int NormalTheme
com.ferdidrgn.saglamspot.BuildConfig: java.lang.String VERSION_NAME
com.ferdidrgn.saglamspot.R$string: int google_api_key
com.ferdidrgn.saglamspot.R$drawable: int launch_background
com.ferdidrgn.saglamspot.BuildConfig: java.lang.String BASE_URL
com.ferdidrgn.saglamspot.BuildConfig: int VERSION_CODE
com.ferdidrgn.saglamspot.R$color: int ic_launcher_background
com.ferdidrgn.saglamspot.BuildConfig: boolean IS_RELEASE
com.ferdidrgn.saglamspot.R$array: int com_google_firebase_crashlytics_build_ids_arch
com.ferdidrgn.saglamspot.R$drawable: int background
com.ferdidrgn.saglamspot.R$string: int google_app_id
com.ferdidrgn.saglamspot.R$array: int com_google_firebase_crashlytics_build_ids_lib
com.ferdidrgn.saglamspot.R$color: R$color()
com.ferdidrgn.saglamspot.R$string: R$string()
com.ferdidrgn.saglamspot.R$style: R$style()
com.ferdidrgn.saglamspot.R$array: R$array()
com.ferdidrgn.saglamspot.MainActivity: void onCreate(android.os.Bundle)
com.ferdidrgn.saglamspot.R: R()
com.ferdidrgn.saglamspot.R$mipmap: R$mipmap()
com.ferdidrgn.saglamspot.BuildConfig: BuildConfig()
com.ferdidrgn.saglamspot.R$drawable: R$drawable()
com.ferdidrgn.saglamspot.MainActivity: MainActivity()
...
com.google.android.gms.internal.ads.zzbil$zzu: long zzA(int)
com.google.android.gms.internal.firebase-auth-api.zzgs: com.google.android.gms.internal.firebase-auth-api.zzwm zzb(com.google.android.gms.internal.firebase-auth-api.zzdw)
io.flutter.plugins.firebase.firestore.FlutterFirebaseFirestorePlugin: void loadBundle(io.flutter.plugins.firebase.firestore.GeneratedAndroidFirebaseFirestore$FirestorePigeonFirebaseApp,byte[],io.flutter.plugins.firebase.firestore.GeneratedAndroidFirebaseFirestore$Result)
com.google.firebase.firestore.pipeline.evaluation.UtilsKt$binaryFunctionConstructorType$1: kotlin.jvm.functions.Function1 invoke(java.util.List)
com.google.android.gms.internal.firebase-auth-api.zzlv: byte[] zza(byte[],byte[],int)
kotlin.jvm.functions.Function14: java.lang.Object invoke(java.lang.Object,java.lang.Object,java.lang.Object,java.lang.Object,java.lang.Object,java.lang.Object,java.lang.Object,java.lang.Object,java.lang.Object,java.lang.Object,java.lang.Object,java.lang.Object,java.lang.Object,java.lang.Object)
com.google.android.gms.internal.firebase-auth-api.zzacz: void zza(com.google.android.gms.tasks.TaskCompletionSource,com.google.android.gms.internal.firebase-auth-api.zzaet)
kotlin.comparisons.ComparisonsKt___ComparisonsKt: java.lang.Object minOf(java.lang.Object,java.lang.Object[],java.util.Comparator)
com.google.android.gms.internal.ads.zzbil$zzz$zza: com.google.android.gms.internal.ads.zzbil$zzap zzx()
com.google.android.gms.internal.ads.zzbil$zzs: int zzb()
kotlin.collections.ArraysKt___ArraysKt: int indexOf(char[],char)
kotlin.sequences.SequencesKt___SequencesKt: java.lang.Float minOrNull(kotlin.sequences.Sequence)
io.flutter.plugins.webviewflutter.FlutterAssetManagerProxyApi: java.util.List list(io.flutter.plugins.webviewflutter.FlutterAssetManager,java.lang.String)
com.google.android.gms.internal.ads.zzaft: int zzf(com.google.android.gms.internal.ads.zzagi,long,com.google.android.gms.internal.ads.zzahh)
com.google.firebase.appcheck.internal.DefaultTokenRefresher: void scheduleRefresh(long)
com.google.firebase.concurrent.PausableExecutorServiceImpl: boolean awaitTermination(long,java.util.concurrent.TimeUnit)
okhttp3.HttpUrl$Companion: HttpUrl$Companion()
com.google.android.gms.internal.consent_sdk.zzbr: java.lang.Object zzb()
com.google.android.gms.common.internal.zzo: android.os.IBinder zzh()
com.google.android.gms.internal.ads.zzfm: void zzc(java.util.List,java.lang.Object[])
com.google.firebase.auth.PhoneAuthCredential: com.google.firebase.auth.AuthCredential zza()
com.google.android.recaptcha.internal.zzfq: zzfq(com.google.android.recaptcha.internal.zzgb,long,java.lang.String,com.google.android.recaptcha.RecaptchaAction,kotlin.coroutines.Continuation)
com.google.firebase.firestore.local.MemoryRemoteDocumentCache$DocumentIterable$1: MemoryRemoteDocumentCache$DocumentIterable$1(com.google.firebase.firestore.local.MemoryRemoteDocumentCache$DocumentIterable,java.util.Iterator)
com.google.firebase.firestore.pipeline.evaluation.ArithmeticKt$special$$inlined$arithmeticPrimitive$4: ArithmeticKt$special$$inlined$arithmeticPrimitive$4(com.google.firestore.v1.Value$ValueTypeCase,com.google.firestore.v1.Value$ValueTypeCase)
com.google.android.material.textfield.TextInputLayout: com.google.android.material.internal.CheckableImageButton getEndIconView()
com.google.firebase.remoteconfig.internal.ConfigSharedPrefsClient: java.util.Date getLastSuccessfulFetchTime()
com.google.android.gms.internal.ads.zzyu: com.google.android.gms.internal.ads.zzaht zzU(com.google.android.gms.internal.ads.zzys)
kotlin.text.StringsKt___StringsKt: char reduceRightIndexed(java.lang.CharSequence,kotlin.jvm.functions.Function3)
com.google.android.gms.internal.ads.zzdao: com.google.android.gms.internal.ads.zzdao zza(com.google.android.gms.internal.ads.zziof,com.google.android.gms.internal.ads.zziof,com.google.android.gms.internal.ads.zziof,com.google.android.gms.internal.ads.zziof)