android/app/unused.txt
okhttp3.RequestBody$Companion$asRequestBody$1:
    void <init>(okhttp3.MediaType,java.io.File)
okhttp3.RequestBody$Companion$toRequestBody$1:
    void <init>(okhttp3.MediaType,okio.ByteString)
okhttp3.RequestBody$Companion:
    public final okhttp3.RequestBody create(java.io.File,okhttp3.MediaType)
    public final okhttp3.RequestBody create(okhttp3.MediaType,java.io.File)
    public final okhttp3.RequestBody create(okhttp3.MediaType,okio.ByteString)
    public final okhttp3.RequestBody create(okhttp3.MediaType,byte[])
    public final okhttp3.RequestBody create(okhttp3.MediaType,byte[],int)
    public final okhttp3.RequestBody create(okhttp3.MediaType,byte[],int,int)
    public final okhttp3.RequestBody create(okio.ByteString,okhttp3.MediaType)
    public final okhttp3.RequestBody create(byte[])
    public final okhttp3.RequestBody create(byte[],okhttp3.MediaType)
    public final okhttp3.RequestBody create(byte[],okhttp3.MediaType,int)
    public static synthetic okhttp3.RequestBody create$default(okhttp3.RequestBody$Companion,java.io.File,okhttp3.MediaType,int,java.lang.Object)
    public static synthetic okhttp3.RequestBody create$default(okhttp3.RequestBody$Companion,java.lang.String,okhttp3.MediaType,int,java.lang.Object)
    public static synthetic okhttp3.RequestBody create$default(okhttp3.RequestBody$Companion,okhttp3.MediaType,byte[],int,int,int,java.lang.Object)
    public static synthetic okhttp3.RequestBody create$default(okhttp3.RequestBody$Companion,okio.ByteString,okhttp3.MediaType,int,java.lang.Object)
okhttp3.RequestBody:
    public static final okhttp3.RequestBody create(java.io.File,okhttp3.MediaType)
    public static final okhttp3.RequestBody create(java.lang.String,okhttp3.MediaType)
    public static final okhttp3.RequestBody create(okhttp3.MediaType,java.io.File)
    public static final okhttp3.RequestBody create(okhttp3.MediaType,java.lang.String)
    public static final okhttp3.RequestBody create(okhttp3.MediaType,okio.ByteString)
    public static final okhttp3.RequestBody create(okhttp3.MediaType,byte[])
    public static final okhttp3.RequestBody create(okhttp3.MediaType,byte[],int)
    public static final okhttp3.RequestBody create(okhttp3.MediaType,byte[],int,int)
    public static final okhttp3.RequestBody create(okio.ByteString,okhttp3.MediaType)
    public static final okhttp3.RequestBody create(byte[])
    public static final okhttp3.RequestBody create(byte[],okhttp3.MediaType)
    public static final okhttp3.RequestBody create(byte[],okhttp3.MediaType,int)
    public static final okhttp3.RequestBody create(byte[],okhttp3.MediaType,int,int)